\BOOKMARK [0][-]{chapter*.1}{Introduction}{}% 1
\BOOKMARK [0][-]{chapter.1}{1\040Theoretical\040basis}{}% 2
\BOOKMARK [1][-]{section.1.1}{1.1\040Elementary\040particles\040and\040forces}{chapter.1}% 3
\BOOKMARK [1][-]{section.1.2}{1.2\040Standard\040Model\040Lagrangian,\040connecting\040fields\040with\040particles}{chapter.1}% 4
\BOOKMARK [1][-]{section.1.3}{1.3\040Flavours\040in\040the\040SM}{chapter.1}% 5
\BOOKMARK [1][-]{section.1.4}{1.4\040The\040top\040quark\040in\040the\040SM}{chapter.1}% 6
\BOOKMARK [1][-]{section.1.5}{1.5\040Effective\040field\040theories}{chapter.1}% 7
\BOOKMARK [1][-]{section.1.6}{1.6\040Motivation\040for\040new\040physics}{chapter.1}% 8
\BOOKMARK [1][-]{section.1.7}{1.7\040An\040effective\040approach\040beyond\040the\040SM:\040FCNC\040involving\040a\040top\040quark}{chapter.1}% 9
\BOOKMARK [1][-]{section.1.8}{1.8\040Experimental\040constraints\040on\040top-FCNC}{chapter.1}% 10
\BOOKMARK [0][-]{chapter.2}{2\040Experimental\040set-up}{}% 11
\BOOKMARK [1][-]{section.2.1}{2.1\040The\040Large\040Hadron\040Collider}{chapter.2}% 12
\BOOKMARK [1][-]{section.2.2}{2.2\040The\040Compact\040Muon\040Solenoid}{chapter.2}% 13
\BOOKMARK [2][-]{subsection.2.2.1}{2.2.1\040CMS\040coordinate\040system}{section.2.2}% 14
\BOOKMARK [2][-]{subsection.2.2.2}{2.2.2\040Towards\040the\040heart\040of\040CMS}{section.2.2}% 15
\BOOKMARK [2][-]{subsection.2.2.3}{2.2.3\040Data\040acquisition}{section.2.2}% 16
\BOOKMARK [2][-]{subsection.2.2.4}{2.2.4\040Phase\0401\040upgrades}{section.2.2}% 17
\BOOKMARK [2][-]{subsection.2.2.5}{2.2.5\040CMS\040computing\040model}{section.2.2}% 18
\BOOKMARK [0][-]{chapter.3}{3\040Analysis\040techniques}{}% 19
\BOOKMARK [1][-]{section.3.1}{3.1\040Hadron\040collisions\040at\040high\040energies}{chapter.3}% 20
\BOOKMARK [1][-]{section.3.2}{3.2\040Event\040generation}{chapter.3}% 21
\BOOKMARK [2][-]{subsection.3.2.1}{3.2.1\040Fundamentals\040of\040simulating\040a\040proton\040collision}{section.3.2}% 22
\BOOKMARK [2][-]{subsection.3.2.2}{3.2.2\040Programs\040for\040event\040generation}{section.3.2}% 23
\BOOKMARK [2][-]{subsection.3.2.3}{3.2.3\040Generating\040FCNC\040top-Z\040interactions}{section.3.2}% 24
\BOOKMARK [2][-]{subsection.3.2.4}{3.2.4\040Generating\040SM\040background\040events}{section.3.2}% 25
\BOOKMARK [1][-]{section.3.3}{3.3\040Multivariate\040analysis\040techniques:\040Boosted\040Decision\040Trees}{chapter.3}% 26
\BOOKMARK [1][-]{section.3.4}{3.4\040Statistical\040methodology}{chapter.3}% 27
\BOOKMARK [0][-]{chapter.4}{4\040Event\040reconstruction\040and\040identification}{}% 28
\BOOKMARK [1][-]{section.4.1}{4.1\040Object\040Reconstruction}{chapter.4}% 29
\BOOKMARK [2][-]{subsection.4.1.1}{4.1.1\040Charged\040particle\040tracks}{section.4.1}% 30
\BOOKMARK [2][-]{subsection.4.1.2}{4.1.2\040Following\040the\040Muon's\040Footsteps}{section.4.1}% 31
\BOOKMARK [2][-]{subsection.4.1.3}{4.1.3\040The\040path\040of\040the\040Electron}{section.4.1}% 32
\BOOKMARK [2][-]{subsection.4.1.4}{4.1.4\040Primary\040Vertex\040Reconstruction}{section.4.1}% 33
\BOOKMARK [2][-]{subsection.4.1.5}{4.1.5\040Calorimeter\040clusters}{section.4.1}% 34
\BOOKMARK [1][-]{section.4.2}{4.2\040Particle\040flow\040identification}{chapter.4}% 35
\BOOKMARK [1][-]{section.4.3}{4.3\040Pileup\040mitigation\040and\040luminosity\040measurement}{chapter.4}% 36
\BOOKMARK [1][-]{section.4.4}{4.4\040Physics\040object\040reconstruction\040and\040identification}{chapter.4}% 37
\BOOKMARK [2][-]{subsection.4.4.1}{4.4.1\040Muons}{section.4.4}% 38
\BOOKMARK [2][-]{subsection.4.4.2}{4.4.2\040Electrons}{section.4.4}% 39
\BOOKMARK [2][-]{subsection.4.4.3}{4.4.3\040Jets}{section.4.4}% 40
\BOOKMARK [2][-]{subsection.4.4.4}{4.4.4\040Jets\040from\040b\040quark\040fragmentation}{section.4.4}% 41
\BOOKMARK [2][-]{subsection.4.4.5}{4.4.5\040Missing\040transverse\040energy}{section.4.4}% 42
\BOOKMARK [1][-]{section.4.5}{4.5\040Summary\040of\040corrections}{chapter.4}% 43
\BOOKMARK [0][-]{chapter.5}{5\040Event\040selection\040and\040categorisation}{}% 44
\BOOKMARK [1][-]{section.5.1}{5.1\040Baseline\040event\040selection\040and\040filters}{chapter.5}% 45
\BOOKMARK [2][-]{subsection.5.1.1}{5.1.1\040Event\040cleaning}{section.5.1}% 46
\BOOKMARK [2][-]{subsection.5.1.2}{5.1.2\040Estimation\040of\040the\040trigger\040efficiency}{section.5.1}% 47
\BOOKMARK [1][-]{section.5.2}{5.2\040Corrections}{chapter.5}% 48
\BOOKMARK [1][-]{section.5.3}{5.3\040Event\040reconstruction}{chapter.5}% 49
\BOOKMARK [1][-]{section.5.4}{5.4\040Data\040driven\040NPL\040background}{chapter.5}% 50
\BOOKMARK [1][-]{section.5.5}{5.5\040Analysis\040Strategy}{chapter.5}% 51
\BOOKMARK [2][-]{subsection.5.5.1}{5.5.1\040WZCR}{section.5.5}% 52
\BOOKMARK [2][-]{subsection.5.5.2}{5.5.2\040TTSR\040and\040STSR}{section.5.5}% 53
\BOOKMARK [2][-]{subsection.5.5.3}{5.5.3\040TTCR\040and\040STCR}{section.5.5}% 54
\BOOKMARK [2][-]{subsection.5.5.4}{5.5.4\040Event\040yields}{section.5.5}% 55
\BOOKMARK [0][-]{chapter.6}{6\040The\040search\040for\040FCNC\040involving\040a\040top\040quark\040and\040a\040Z\040boson}{}% 56
\BOOKMARK [1][-]{section.6.1}{6.1\040Construction\040of\040the\040BDT\040template\040distributions}{chapter.6}% 57
\BOOKMARK [2][-]{subsection.6.1.1}{6.1.1\040BDT\040training\040in\040the\040STSR\040for\040the\040tZu\040interaction}{section.6.1}% 58
\BOOKMARK [2][-]{subsection.6.1.2}{6.1.2\040BDT\040training\040in\040the\040TTSR\040for\040the\040tZu\040interaction}{section.6.1}% 59
\BOOKMARK [2][-]{subsection.6.1.3}{6.1.3\040BDT\040training\040in\040the\040STSR\040for\040the\040tZc\040interaction}{section.6.1}% 60
\BOOKMARK [2][-]{subsection.6.1.4}{6.1.4\040BDT\040training\040in\040the\040TTSR\040for\040the\040tZc\040interaction}{section.6.1}% 61
\BOOKMARK [1][-]{section.6.2}{6.2\040Transverse\040mass\040in\040WZCR}{chapter.6}% 62
\BOOKMARK [1][-]{section.6.3}{6.3\040Systematic\040uncertainties}{chapter.6}% 63
\BOOKMARK [2][-]{subsection.6.3.1}{6.3.1\040Effect\040of\040systematic\040uncertainties\040in\040WZCR}{section.6.3}% 64
\BOOKMARK [2][-]{subsection.6.3.2}{6.3.2\040Effect\040of\040the\040systematic\040uncertainties\040in\040the\040signal\040regions}{section.6.3}% 65
\BOOKMARK [1][-]{section.6.4}{6.4\040Limit\040setting\040procedure\040validation}{chapter.6}% 66
\BOOKMARK [1][-]{section.6.5}{6.5\040Results\040and\040discussion}{chapter.6}% 67
\BOOKMARK [2][-]{subsection.6.5.1}{6.5.1\040Postfit\040distributions}{section.6.5}% 68
\BOOKMARK [2][-]{subsection.6.5.2}{6.5.2\040Postfit\040yields}{section.6.5}% 69
\BOOKMARK [1][-]{section.6.6}{6.6\040Limits\040at\04095\045\040CL}{chapter.6}% 70
\BOOKMARK [2][-]{subsection.6.6.1}{6.6.1\040One\040dimensional\040limits}{section.6.6}% 71
\BOOKMARK [2][-]{subsection.6.6.2}{6.6.2\040Two-dimensional\040limits}{section.6.6}% 72
\BOOKMARK [0][-]{chapter.7}{7\040Conclusion\040and\040prospects}{}% 73
\BOOKMARK [1][-]{section.7.1}{7.1\040Conclusion}{chapter.7}% 74
\BOOKMARK [1][-]{section.7.2}{7.2\040Prospects}{chapter.7}% 75
\BOOKMARK [0][-]{section*.9}{Appendices}{}% 76
\BOOKMARK [0][-]{chapter.A}{A\040Trigger\040scale\040factors}{}% 77
\BOOKMARK [0][-]{chapter.B}{B\040Transfer\040factors}{}% 78
\BOOKMARK [0][-]{chapter.C}{C\040Details\040about\040the\040BDTs}{}% 79
\BOOKMARK [1][-]{section.C.1}{C.1\040Distributions\040of\040the\040input\040variables\040for\040the\040STSR\040for\040the\040tZu\040coupling}{chapter.C}% 80
\BOOKMARK [1][-]{section.C.2}{C.2\040Distributions\040of\040the\040input\040variables\040for\040the\040TTSR\040for\040the\040tZu\040coupling}{chapter.C}% 81
\BOOKMARK [1][-]{section.C.3}{C.3\040Distributions\040of\040the\040input\040variables\040for\040the\040STSR\040for\040the\040tZc\040coupling}{chapter.C}% 82
\BOOKMARK [1][-]{section.C.4}{C.4\040Distributions\040of\040the\040input\040variables\040for\040the\040TTSR\040for\040the\040tZc\040coupling}{chapter.C}% 83
\BOOKMARK [1][-]{section.C.5}{C.5\040ROC\040curves}{chapter.C}% 84
\BOOKMARK [0][-]{figure.C.19}{Summaries}{}% 85
\BOOKMARK [0][-]{section*.13}{Bibliography}{}% 86
\BOOKMARK [0][-]{section*.13}{Acknowledgments}{}% 87
